<?xml version="1.0" encoding="UTF-8"?>
<!-- Generated by org.testng.reporters.JUnitReportReporter -->
<testsuite hostname="LAPTOP-MB7DGVQG" failures="0" tests="1" name="Home.NewTest2" time="0.000" errors="0" timestamp="2024-05-13T16:03:11 IST" skipped="0">
  <testcase classname="Home.NewTest2" name="f" time="0.000"/>
</testsuite> <!-- Home.NewTest2 -->
