<?xml version="1.0" encoding="UTF-8"?>
<!-- Generated by org.testng.reporters.JUnitReportReporter -->
<testsuite hostname="LAPTOP-MB7DGVQG" failures="0" tests="1" name="Search.NewTest1" time="0.002" errors="0" timestamp="2024-05-13T16:03:11 IST" skipped="0">
  <testcase classname="Search.NewTest1" name="f" time="0.002"/>
</testsuite> <!-- Search.NewTest1 -->
