<?xml version="1.0" encoding="UTF-8"?>
<!-- Generated by org.testng.reporters.JUnitReportReporter -->
<testsuite hostname="LAPTOP-MB7DGVQG" failures="0" tests="1" name="Search.NewTest1" time="0.006" errors="0" timestamp="2024-05-13T16:01:21 IST" skipped="0">
  <testcase classname="Search.NewTest1" name="f" time="0.006"/>
  <system-out/>
</testsuite> <!-- Search.NewTest1 -->
