<?xml version="1.0" encoding="UTF-8"?>
<!-- Generated by org.testng.reporters.JUnitReportReporter -->
<testsuite hostname="LAPTOP-MB7DGVQG" failures="0" tests="1" name="Home.Home" time="0.179" errors="0" timestamp="2024-05-13T17:08:15 IST" skipped="0">
  <testcase classname="Home.Home" name="f" time="0.179"/>
  <system-out/>
</testsuite> <!-- Home.Home -->
