<?xml version="1.0" encoding="UTF-8"?>
<!-- Generated by org.testng.reporters.JUnitReportReporter -->
<testsuite hostname="LAPTOP-MB7DGVQG" failures="0" tests="1" name="Home.NewTest1" time="0.207" errors="0" timestamp="2024-05-13T17:04:25 IST" skipped="0">
  <testcase classname="Home.NewTest1" name="f" time="0.207"/>
  <system-out/>
</testsuite> <!-- Home.NewTest1 -->
