<?xml version="1.0" encoding="UTF-8"?>
<!-- Generated by org.testng.reporters.JUnitReportReporter -->
<testsuite hostname="LAPTOP-MB7DGVQG" failures="0" tests="1" name="Search.Search" time="0.189" errors="0" timestamp="2024-05-13T17:12:43 IST" skipped="0">
  <testcase classname="Search.Search" name="f" time="0.189"/>
  <system-out/>
</testsuite> <!-- Search.Search -->
