<?xml version="1.0" encoding="UTF-8"?>
<!-- Generated by org.testng.reporters.JUnitReportReporter -->
<testsuite hostname="LAPTOP-MB7DGVQG" failures="0" tests="1" name="cons.may2024.NewTest1" time="0.008" errors="0" timestamp="2024-05-13T15:56:35 IST" skipped="0">
  <testcase classname="cons.may2024.NewTest1" name="f" time="0.008"/>
  <system-out/>
</testsuite> <!-- cons.may2024.NewTest1 -->
